This is pdfTeX, Version 3.14159265-2.6-1.40.21 (TeX Live 2020/W32TeX) (preloaded format=pdflatex 2020.6.9)  18 JUL 2020 15:56
entering extended mode
 restricted \write18 enabled.
 file:line:error style messages enabled.
 %&-line parsing enabled.
**"d:/Documents and projects/Latex/OM/skripta.tex"
(d:/Documents and projects/Latex/OM/skripta.tex
LaTeX2e <2020-02-02> patch level 5
L3 programming layer <2020-06-03> (c:/texlive/2020/texmf-dist/tex/latex/base/article.cls
Document Class: article 2019/12/20 v1.4l Standard LaTeX document class
(c:/texlive/2020/texmf-dist/tex/latex/base/size11.clo
File: size11.clo 2019/12/20 v1.4l Standard LaTeX file (size option)
)
\c@part=\count167
\c@section=\count168
\c@subsection=\count169
\c@subsubsection=\count170
\c@paragraph=\count171
\c@subparagraph=\count172
\c@figure=\count173
\c@table=\count174
\abovecaptionskip=\skip47
\belowcaptionskip=\skip48
\bibindent=\dimen134
) (c:/texlive/2020/texmf-dist/tex/latex/mathtools/mathtools.sty
Package: mathtools 2020/03/24 v1.24 mathematical typesetting tools
 (c:/texlive/2020/texmf-dist/tex/latex/graphics/keyval.sty
Package: keyval 2014/10/28 v1.15 key=value parser (DPC)
\KV@toks@=\toks15
) (c:/texlive/2020/texmf-dist/tex/latex/tools/calc.sty
Package: calc 2017/05/25 v4.3 Infix arithmetic (KKT,FJ)
\calc@Acount=\count175
\calc@Bcount=\count176
\calc@Adimen=\dimen135
\calc@Bdimen=\dimen136
\calc@Askip=\skip49
\calc@Bskip=\skip50
LaTeX Info: Redefining \setlength on input line 80.
LaTeX Info: Redefining \addtolength on input line 81.
\calc@Ccount=\count177
\calc@Cskip=\skip51
) (c:/texlive/2020/texmf-dist/tex/latex/mathtools/mhsetup.sty
Package: mhsetup 2017/03/31 v1.3 programming setup (MH)
) (c:/texlive/2020/texmf-dist/tex/latex/amsmath/amsmath.sty
Package: amsmath 2020/01/20 v2.17e AMS math features
\@mathmargin=\skip52

For additional information on amsmath, use the `?' option.
(c:/texlive/2020/texmf-dist/tex/latex/amsmath/amstext.sty
Package: amstext 2000/06/29 v2.01 AMS text
 (c:/texlive/2020/texmf-dist/tex/latex/amsmath/amsgen.sty
File: amsgen.sty 1999/11/30 v2.0 generic functions
\@emptytoks=\toks16
\ex@=\dimen137
)) (c:/texlive/2020/texmf-dist/tex/latex/amsmath/amsbsy.sty
Package: amsbsy 1999/11/29 v1.2d Bold Symbols
\pmbraise@=\dimen138
) (c:/texlive/2020/texmf-dist/tex/latex/amsmath/amsopn.sty
Package: amsopn 2016/03/08 v2.02 operator names
)
\inf@bad=\count178
LaTeX Info: Redefining \frac on input line 227.
\uproot@=\count179
\leftroot@=\count180
LaTeX Info: Redefining \overline on input line 389.
\classnum@=\count181
\DOTSCASE@=\count182
LaTeX Info: Redefining \ldots on input line 486.
LaTeX Info: Redefining \dots on input line 489.
LaTeX Info: Redefining \cdots on input line 610.
\Mathstrutbox@=\box45
\strutbox@=\box46
\big@size=\dimen139
LaTeX Font Info:    Redeclaring font encoding OML on input line 733.
LaTeX Font Info:    Redeclaring font encoding OMS on input line 734.
\macc@depth=\count183
\c@MaxMatrixCols=\count184
\dotsspace@=\muskip16
\c@parentequation=\count185
\dspbrk@lvl=\count186
\tag@help=\toks17
\row@=\count187
\column@=\count188
\maxfields@=\count189
\andhelp@=\toks18
\eqnshift@=\dimen140
\alignsep@=\dimen141
\tagshift@=\dimen142
\tagwidth@=\dimen143
\totwidth@=\dimen144
\lineht@=\dimen145
\@envbody=\toks19
\multlinegap=\skip53
\multlinetaggap=\skip54
\mathdisplay@stack=\toks20
LaTeX Info: Redefining \[ on input line 2859.
LaTeX Info: Redefining \] on input line 2860.
)
LaTeX Info: Thecontrolsequence`\('isalreadyrobust on input line 130.
LaTeX Info: Thecontrolsequence`\)'isalreadyrobust on input line 130.
LaTeX Info: Thecontrolsequence`\['isalreadyrobust on input line 130.
LaTeX Info: Thecontrolsequence`\]'isalreadyrobust on input line 130.
\g_MT_multlinerow_int=\count190
\l_MT_multwidth_dim=\dimen146
\origjot=\skip55
\l_MT_shortvdotswithinadjustabove_dim=\dimen147
\l_MT_shortvdotswithinadjustbelow_dim=\dimen148
\l_MT_above_intertext_sep=\dimen149
\l_MT_below_intertext_sep=\dimen150
\l_MT_above_shortintertext_sep=\dimen151
\l_MT_below_shortintertext_sep=\dimen152
\xmathstrut@box=\box47
\xmathstrut@dim=\dimen153
) (c:/texlive/2020/texmf-dist/tex/latex/caption/caption.sty
Package: caption 2020/05/10 v3.4j Customizing captions (AR)
 (c:/texlive/2020/texmf-dist/tex/latex/caption/caption3.sty
Package: caption3 2020/05/10 v1.11 caption3 kernel (AR)
Package caption3 Info: TeX engine: e-TeX on input line 61.
\captionmargin=\dimen154
\captionmargin@=\dimen155
\captionwidth=\dimen156
\caption@tempdima=\dimen157
\caption@indent=\dimen158
\caption@parindent=\dimen159
\caption@hangindent=\dimen160
Package caption Info: Standard document class detected.
)
\c@caption@flags=\count191
\c@continuedfloat=\count192
) (c:/texlive/2020/texmf-dist/tex/latex/float/float.sty
Package: float 2001/11/08 v1.3d Float enhancements (AL)
\c@float@type=\count193
\float@exts=\toks21
\float@box=\box48
\@float@everytoks=\toks22
\@floatcapt=\box49
) (c:/texlive/2020/texmf-dist/tex/generic/babel/babel.sty
Package: babel 2020/05/13 3.44 The Babel package
 (c:/texlive/2020/texmf-dist/tex/generic/babel/babel.def
File: babel.def 2020/05/13 3.44 Babel common definitions
\babel@savecnt=\count194
\U@D=\dimen161
\l@babelnohyphens=\language86
 (c:/texlive/2020/texmf-dist/tex/generic/babel/txtbabel.def)
\bbl@readstream=\read2
)
\bbl@dirlevel=\count195
 (c:/texlive/2020/texmf-dist/tex/generic/babel-slovenian/slovene.ldf
Language: slovene 2005/03/31 v1.2m Slovene support from the babel system
Package babel Info: Making " an active character on input line 79.
)) (c:/texlive/2020/texmf-dist/tex/latex/amsfonts/amssymb.sty
Package: amssymb 2013/01/14 v3.01 AMS font symbols
 (c:/texlive/2020/texmf-dist/tex/latex/amsfonts/amsfonts.sty
Package: amsfonts 2013/01/14 v3.01 Basic AMSFonts support
\symAMSa=\mathgroup4
\symAMSb=\mathgroup5
LaTeX Font Info:    Redeclaring math symbol \hbar on input line 98.
LaTeX Font Info:    Overwriting math alphabet `\mathfrak' in version `bold'
(Font)                  U/euf/m/n --> U/euf/b/n on input line 106.
)) (c:/texlive/2020/texmf-dist/tex/latex/amscls/amsthm.sty
Package: amsthm 2020/05/29 v2.20.6
\thm@style=\toks23
\thm@bodyfont=\toks24
\thm@headfont=\toks25
\thm@notefont=\toks26
\thm@headpunct=\toks27
\thm@preskip=\skip56
\thm@postskip=\skip57
\thm@headsep=\skip58
\dth@everypar=\toks28
) (c:/texlive/2020/texmf-dist/tex/latex/enumitem/enumitem.sty
Package: enumitem 2019/06/20 v3.9 Customized lists
\labelindent=\skip59
\enit@outerparindent=\dimen162
\enit@toks=\toks29
\enit@inbox=\box50
\enit@count@id=\count196
\enitdp@description=\count197
) (c:/texlive/2020/texmf-dist/tex/latex/geometry/geometry.sty
Package: geometry 2020/01/02 v5.9 Page Geometry
 (c:/texlive/2020/texmf-dist/tex/generic/iftex/ifvtex.sty
Package: ifvtex 2019/10/25 v1.7 ifvtex legacy package. Use iftex instead.
 (c:/texlive/2020/texmf-dist/tex/generic/iftex/iftex.sty
Package: iftex 2020/03/06 v1.0d TeX engine tests
))
\Gm@cnth=\count198
\Gm@cntv=\count199
\c@Gm@tempcnt=\count266
\Gm@bindingoffset=\dimen163
\Gm@wd@mp=\dimen164
\Gm@odd@mp=\dimen165
\Gm@even@mp=\dimen166
\Gm@layoutwidth=\dimen167
\Gm@layoutheight=\dimen168
\Gm@layouthoffset=\dimen169
\Gm@layoutvoffset=\dimen170
\Gm@dimlist=\toks30
) (c:/texlive/2020/texmf-dist/tex/latex/tools/multicol.sty
Package: multicol 2019/12/09 v1.8y multicolumn formatting (FMi)
\c@tracingmulticols=\count267
\mult@box=\box51
\multicol@leftmargin=\dimen171
\c@unbalance=\count268
\c@collectmore=\count269
\doublecol@number=\count270
\multicoltolerance=\count271
\multicolpretolerance=\count272
\full@width=\dimen172
\page@free=\dimen173
\premulticols=\dimen174
\postmulticols=\dimen175
\multicolsep=\skip60
\multicolbaselineskip=\skip61
\partial@page=\box52
\last@line=\box53
\maxbalancingoverflow=\dimen176
\mult@rightbox=\box54
\mult@grightbox=\box55
\mult@gfirstbox=\box56
\mult@firstbox=\box57
\@tempa=\box58
\@tempa=\box59
\@tempa=\box60
\@tempa=\box61
\@tempa=\box62
\@tempa=\box63
\@tempa=\box64
\@tempa=\box65
\@tempa=\box66
\@tempa=\box67
\@tempa=\box68
\@tempa=\box69
\@tempa=\box70
\@tempa=\box71
\@tempa=\box72
\@tempa=\box73
\@tempa=\box74
\@tempa=\box75
\@tempa=\box76
\@tempa=\box77
\@tempa=\box78
\@tempa=\box79
\@tempa=\box80
\@tempa=\box81
\@tempa=\box82
\@tempa=\box83
\@tempa=\box84
\@tempa=\box85
\@tempa=\box86
\@tempa=\box87
\@tempa=\box88
\@tempa=\box89
\@tempa=\box90
\@tempa=\box91
\@tempa=\box92
\@tempa=\box93
\@tempa=\box94
\c@minrows=\count273
\c@columnbadness=\count274
\c@finalcolumnbadness=\count275
\last@try=\dimen177
\multicolovershoot=\dimen178
\multicolundershoot=\dimen179
\mult@nat@firstbox=\box95
\colbreak@box=\box96
\mc@col@check@num=\count276
) (c:/texlive/2020/texmf-dist/tex/latex/blkarray/blkarray.sty
Package: blkarray 2015/02/27 v0.07 Block array (dpc)
\c@BAenumi=\count277
\BA@col=\count278
\BA@block@cnt=\count279
\BA@final@box=\box97
\BA@first@box=\box98
\BA@colsep=\dimen180
\BA@ftn=\toks31
\BAextrarowheight=\dimen181
\BAextraheightafterhline=\dimen182
\BAarrayrulewidth=\dimen183
\BAdoublerulesep=\dimen184
\BAfootskip=\dimen185
\BA@dashbox=\box99
\BA@ddashbox=\box100
) (c:/texlive/2020/texmf-dist/tex/latex/tools/array.sty
Package: array 2019/08/31 v2.4l Tabular extension package (FMi)
\col@sep=\dimen186
\ar@mcellbox=\box101
\extrarowheight=\dimen187
\NC@list=\toks32
\extratabsurround=\skip62
\backup@length=\skip63
\ar@cellbox=\box102
) (c:/texlive/2020/texmf-dist/tex/latex/l3backend/l3backend-pdfmode.def
File: l3backend-pdfmode.def 2020-06-03 L3 backend support: PDF mode
\l__kernel_color_stack_int=\count280
\l__pdf_internal_box=\box103
) (d:/Documents and projects/Latex/OM/skripta.aux)
\openout1 = `skripta.aux'.

LaTeX Font Info:    Checking defaults for OML/cmm/m/it on input line 19.
LaTeX Font Info:    ... okay on input line 19.
LaTeX Font Info:    Checking defaults for OMS/cmsy/m/n on input line 19.
LaTeX Font Info:    ... okay on input line 19.
LaTeX Font Info:    Checking defaults for OT1/cmr/m/n on input line 19.
LaTeX Font Info:    ... okay on input line 19.
LaTeX Font Info:    Checking defaults for T1/cmr/m/n on input line 19.
LaTeX Font Info:    ... okay on input line 19.
LaTeX Font Info:    Checking defaults for TS1/cmr/m/n on input line 19.
LaTeX Font Info:    ... okay on input line 19.
LaTeX Font Info:    Checking defaults for OMX/cmex/m/n on input line 19.
LaTeX Font Info:    ... okay on input line 19.
LaTeX Font Info:    Checking defaults for U/cmr/m/n on input line 19.
LaTeX Font Info:    ... okay on input line 19.
 (c:/texlive/2020/texmf-dist/tex/latex/graphics/graphicx.sty
Package: graphicx 2019/11/30 v1.2a Enhanced LaTeX Graphics (DPC,SPQR)
 (c:/texlive/2020/texmf-dist/tex/latex/graphics/graphics.sty
Package: graphics 2019/11/30 v1.4a Standard LaTeX Graphics (DPC,SPQR)
 (c:/texlive/2020/texmf-dist/tex/latex/graphics/trig.sty
Package: trig 2016/01/03 v1.10 sin cos tan (DPC)
) (c:/texlive/2020/texmf-dist/tex/latex/graphics-cfg/graphics.cfg
File: graphics.cfg 2016/06/04 v1.11 sample graphics configuration
)
Package graphics Info: Driver file: pdftex.def on input line 105.
 (c:/texlive/2020/texmf-dist/tex/latex/graphics-def/pdftex.def
File: pdftex.def 2018/01/08 v1.0l Graphics/color driver for pdftex
 (c:/texlive/2020/texmf-dist/tex/context/base/mkii/supp-pdf.mkii
[Loading MPS to PDF converter (version 2006.09.02).]
\scratchcounter=\count281
\scratchdimen=\dimen188
\scratchbox=\box104
\nofMPsegments=\count282
\nofMParguments=\count283
\everyMPshowfont=\toks33
\MPscratchCnt=\count284
\MPscratchDim=\dimen189
\MPnumerator=\count285
\makeMPintoPDFobject=\count286
\everyMPtoPDFconversion=\toks34
))) (c:/texlive/2020/texmf-dist/tex/latex/epstopdf-pkg/epstopdf-base.sty
Package: epstopdf-base 2020-01-24 v2.11 Base part for package epstopdf
Package epstopdf-base Info: Redefining graphics rule for `.eps' on input line 485.
 (c:/texlive/2020/texmf-dist/tex/latex/latexconfig/epstopdf-sys.cfg
File: epstopdf-sys.cfg 2010/07/13 v1.3 Configuration of (r)epstopdf for TeX Live
))
\Gin@req@height=\dimen190
\Gin@req@width=\dimen191
)
Package caption Info: Begin \AtBeginDocument code.
Package caption Info: float package is loaded.
Package caption Info: End \AtBeginDocument code.

*geometry* driver: auto-detecting
*geometry* detected driver: pdftex
*geometry* verbose mode - [ preamble ] result:
* driver: pdftex
* paper: a4paper
* layout: <same size as paper>
* layoutoffset:(h,v)=(0.0pt,0.0pt)
* modes: 
* h-part:(L,W,R)=(72.26999pt, 452.9679pt, 72.26999pt)
* v-part:(T,H,B)=(72.26999pt, 700.50687pt, 72.26999pt)
* \paperwidth=597.50787pt
* \paperheight=845.04684pt
* \textwidth=452.9679pt
* \textheight=700.50687pt
* \oddsidemargin=0.0pt
* \evensidemargin=0.0pt
* \topmargin=-37.0pt
* \headheight=12.0pt
* \headsep=25.0pt
* \topskip=11.0pt
* \footskip=30.0pt
* \marginparwidth=50.0pt
* \marginparsep=10.0pt
* \columnsep=10.0pt
* \skip\footins=10.0pt plus 4.0pt minus 2.0pt
* \hoffset=0.0pt
* \voffset=0.0pt
* \mag=1000
* \@twocolumnfalse
* \@twosidefalse
* \@mparswitchfalse
* \@reversemarginfalse
* (1in=72.27pt=25.4mm, 1cm=28.453pt)

\c@theorem=\count287
LaTeX Font Info:    Trying to load font information for U+msa on input line 33.
(c:/texlive/2020/texmf-dist/tex/latex/amsfonts/umsa.fd
File: umsa.fd 2013/01/14 v3.01 AMS symbols A
)
LaTeX Font Info:    Trying to load font information for U+msb on input line 33.
 (c:/texlive/2020/texmf-dist/tex/latex/amsfonts/umsb.fd
File: umsb.fd 2013/01/14 v3.01 AMS symbols B
)
Overfull \hbox (0.72395pt too wide) in paragraph at lines 68--69
[]\OT1/cmr/m/it/10.95 Kaj nas za-nima? Za-nima nas, kako bomo raz-po-re-dili razli^^Tcne pri-delke po pri-de-lo-valni povr^^Tsini
 []


Underfull \hbox (badness 10000) in paragraph at lines 79--80

 []


Underfull \hbox (badness 10000) in paragraph at lines 121--125

 []

[1

{c:/texlive/2020/texmf-dist/fonts/map/pdftex/updmap/pdftex.map}]
Overfull \hbox (34.01413pt too wide) in paragraph at lines 144--145
\OT1/cmr/bx/n/10.95 Definicija 1.5 \OT1/cmr/m/n/10.95 (Op-ti-mi-za-cij-ski pro-blem)\OT1/cmr/bx/n/10.95 . \OT1/cmr/m/it/10.95 Op-ti-mi-za-cij-ski pro-blem ka-rak-te-ri-zi-ramo kot $\OT1/cmr/m/n/10.95 (\OML/cmm/m/it/10.95 min=max; f; \OT1/cmr/m/n/10.95 
)$\OT1/cmr/m/it/10.95 ,
 []


Overfull \hbox (18.4919pt too wide) in paragraph at lines 176--177
\OT1/cmr/m/it/10.95 je kri-te-rij-ska funk-cija li-ne-arna, do-pu-stna mno^^Tzica pa je po-dana z li-ne-ar-nimi ena^^Tcbami in ne-ena^^Tcbami. 
 []


LaTeX Warning: `!h' float specifier changed to `!ht'.

[2] [3] [4]
Overfull \hbox (20.34866pt too wide) in paragraph at lines 379--380
[]\OT1/cmr/m/n/10.95 Teh $\OML/cmm/m/it/10.95 m$ \OT1/cmr/m/n/10.95 spre-men-ljivk, ki so izra^^Tzene z osta-limi $\OML/cmm/m/it/10.95 n$ \OT1/cmr/m/n/10.95 spre-men-ljiv-kami, ime-nu-jemo $[]$,
 []


Overfull \hbox (2.9744pt too wide) in paragraph at lines 387--388
[]\OT1/cmr/m/n/10.95 V pr-vem slo-varju so ba-zne spre-men-ljivke na-tanko do-da-tne spre-men-ljivke, ne-ba-zne pa pr-vo-tne. 
 []


Overfull \hbox (3.09727pt too wide) in paragraph at lines 390--391
[]\OT1/cmr/m/n/10.95 Re^^Tcemo, da je slo-var do-pu-sten, ^^Tce so vsi kon-sta-tni ko-e-fi-ci-enti ba-znih spre-men-ljivk ne-ne-ga-tivni.
 []

[5

]
Underfull \hbox (badness 10000) in paragraph at lines 403--405

 []

[6] [7

] [8]
Underfull \hbox (badness 10000) in paragraph at lines 611--612

 []


Overfull \hbox (5.9745pt too wide) in paragraph at lines 613--614
[]\OT1/cmr/m/it/10.95 Kak^^Tsne so vre-dno-sti du-alne op-ti-malne re^^Tsitve? $\OML/cmm/m/it/10.95 y[]$ \OT1/cmr/m/it/10.95 je enak ko-e-fi-ci-entu pri do-da-tni spre-men-ljivki,
 []

[9] [10] [11] [12]
Overfull \hbox (2.97806pt too wide) in paragraph at lines 838--839
[]\OT1/cmr/m/n/10.95 Predpostavimo, da igralca igrata po na^^Tcelu naj-manj^^Tsega tve-ga-nja. De-fi-ni-ramo $\OML/cmm/m/it/10.95 M[] \OT1/cmr/m/n/10.95 =$ vre-dnost
 []

[13]
Underfull \hbox (badness 10000) in paragraph at lines 887--889

 []

[14] [15]
Overfull \hbox (6.21155pt too wide) in paragraph at lines 1086--1087
\OT1/cmr/bx/n/10.95 Trditev 3.17. []\OT1/cmr/m/it/10.95 Ce $\OML/cmm/m/it/10.95 j$\OT1/cmr/m/it/10.95 -ti stol-pec pla^^Tcilne ma-trike do-mi-nira $\OML/cmm/m/it/10.95 j[]$\OT1/cmr/m/it/10.95 -ti stol-pec, se vre-dnost igre ne spre-meni,
 []

[16] [17] [18]
Overfull \hbox (9.18634pt too wide) in paragraph at lines 1207--1208
\OT1/cmr/bx/n/10.95 Opomba. \OT1/cmr/m/it/10.95 Gozdu (grafu, v ka-te-rem so po-ve-zane kom-po-nente dre-vesa) do-damo po-ve-zave z raz-vo-zom
 []

[19]
Overfull \hbox (4.92883pt too wide) in paragraph at lines 1215--1216
[]\OT1/cmr/m/n/10.95 Naj bo $\OML/cmm/m/it/10.95 e \OT1/cmr/m/n/10.95 = \OML/cmm/m/it/10.95 ij$ \OT1/cmr/m/n/10.95 vsto-ppajo^^Tca po-ve-zava. Neko vo-zli^^Ts^^Tce v $\OML/cmm/m/it/10.95 G$ \OT1/cmr/m/n/10.95 ozna^^Tcimo kot ko-ren in ga po-i-me-nu-jemo
 []


Overfull \hbox (0.88606pt too wide) in paragraph at lines 1258--1259
[]$\OML/cmm/m/it/10.95 T[]$ \OT1/cmr/m/n/10.95 vse-buje ume-tne po-ve-zave, in vse z ni^^Tcelnim raz-vo-zom. Od-stra-nimo vse ume-tne po-ve-zave
 []

[20]
Overfull \hbox (0.18753pt too wide) in paragraph at lines 1333--1334
\OT1/cmr/bx/n/10.95 Trditev 4.9. \OT1/cmr/m/it/10.95 Naj bo $\OML/cmm/m/it/10.95 A \OMS/cmsy/m/n/10.95 2 \U/msb/m/n/10.95 R[]$ \OT1/cmr/m/it/10.95 dvojno sto-ha-sti^^Tcna ma-trika. Po-tem ob-staja tak^^Tsna per-mu-ta-cij-ska
 []

[21]
Underfull \hbox (badness 10000) in paragraph at lines 1355--1358

 []


Overfull \hbox (4.13132pt too wide) in paragraph at lines 1391--1392
[]\OT1/cmr/m/n/10.95 Izbira iz-sto-pajo^^Tce po-ve-zave je od-vi-sna od na^^Tcina, na ka-te-rega smo iz-brali vsto-pajo^^Tco po-ve-zavo. 
 []

[22] [23] [24] [25] [26] [27]
Underfull \hbox (badness 10000) in paragraph at lines 1651--1652

 []


Overfull \hbox (2.63464pt too wide) in paragraph at lines 1682--1683
[]\OT1/cmr/m/n/10.95 Recimo, da ob-staja pri-re-ja-nje $\OML/cmm/m/it/10.95 M[]$\OT1/cmr/m/n/10.95 , ki je ve^^Tcje od ne-kega pri-re-ja-nja $\OML/cmm/m/it/10.95 M$\OT1/cmr/m/n/10.95 . Kon-stru-i-rajmo
 []

[28] [29]
Overfull \hbox (9.07289pt too wide) in paragraph at lines 1763--1764
\OT1/cmr/bx/n/10.95 Opomba. \OT1/cmr/m/it/10.95 Ta pro-blem se po-go-sto in-ter-pre-tira kot pro-blem razvr^^Ts^^Tcanja (angl. as-si-gnment pro-blem). 
 []


Overfull \hbox (17.22534pt too wide) in paragraph at lines 1767--1768
\OT1/cmr/bx/n/10.95 Opomba. []\OT1/cmr/m/it/10.95 Ce re^^Tsujemo pro-blem ma-ksi-mal-nega po-pol-nega pri-re-ja-nja, re^^Tsujemo pro-blem mi-ni-mal-nega
 []

[30] [31]
Underfull \hbox (badness 10000) in paragraph at lines 1866--1867

 []

[32]
Underfull \hbox (badness 10000) in paragraph at lines 1944--1945

 []


Underfull \hbox (badness 10000) in paragraph at lines 1951--1952

 []

[33]
Underfull \hbox (badness 10000) in paragraph at lines 2028--2029

 []

[34] (d:/Documents and projects/Latex/OM/skripta.aux) ) 
Here is how much of TeX's memory you used:
 6169 strings out of 480478
 91317 string characters out of 5903486
 365002 words of memory out of 5000000
 22118 multiletter control sequences out of 15000+600000
 544713 words of font info for 69 fonts, out of 8000000 for 9000
 1141 hyphenation exceptions out of 8191
 38i,13n,43p,1105b,353s stack positions out of 5000i,500n,10000p,200000b,80000s
{c:/texlive/2020/texmf-dist/fonts/enc/dvips/cm-super/cm-super-ts1.enc}<c:/texlive/2020/texmf-dist/fonts/type1/public/amsfonts/cm/cmbx10.pfb><c:/texlive/2020/texmf-dist/fonts/type1/public/amsfonts/cm/cmbx12.pfb><c:/texlive/2020/texmf-dist/fonts/type1/public/amsfonts/cm/cmbxti10.pfb><c:/texlive/2020/texmf-dist/fonts/type1/public/amsfonts/cm/cmex10.pfb><c:/texlive/2020/texmf-dist/fonts/type1/public/amsfonts/cm/cmmi10.pfb><c:/texlive/2020/texmf-dist/fonts/type1/public/amsfonts/cm/cmmi6.pfb><c:/texlive/2020/texmf-dist/fonts/type1/public/amsfonts/cm/cmmi8.pfb><c:/texlive/2020/texmf-dist/fonts/type1/public/amsfonts/cm/cmr10.pfb><c:/texlive/2020/texmf-dist/fonts/type1/public/amsfonts/cm/cmr12.pfb><c:/texlive/2020/texmf-dist/fonts/type1/public/amsfonts/cm/cmr17.pfb><c:/texlive/2020/texmf-dist/fonts/type1/public/amsfonts/cm/cmr6.pfb><c:/texlive/2020/texmf-dist/fonts/type1/public/amsfonts/cm/cmr8.pfb><c:/texlive/2020/texmf-dist/fonts/type1/public/amsfonts/cm/cmsy10.pfb><c:/texlive/2020/texmf-dist/fonts/type1/public/amsfonts/cm/cmsy6.pfb><c:/texlive/2020/texmf-dist/fonts/type1/public/amsfonts/cm/cmsy8.pfb><c:/texlive/2020/texmf-dist/fonts/type1/public/amsfonts/cm/cmti10.pfb><c:/texlive/2020/texmf-dist/fonts/type1/public/amsfonts/cm/cmti8.pfb><c:/texlive/2020/texmf-dist/fonts/type1/public/amsfonts/symbols/msam10.pfb><c:/texlive/2020/texmf-dist/fonts/type1/public/amsfonts/symbols/msbm10.pfb><c:/texlive/2020/texmf-dist/fonts/type1/public/cm-super/sfrm1095.pfb><c:/texlive/2020/texmf-dist/fonts/type1/public/cm-super/sfti1095.pfb>
Output written on "d:/Documents and projects/Latex/OM/skripta.pdf" (34 pages, 340423 bytes).
PDF statistics:
 199 PDF objects out of 1000 (max. 8388607)
 140 compressed objects within 2 object streams
 0 named destinations out of 1000 (max. 500000)
 1 words of extra memory for PDF output out of 10000 (max. 10000000)

